Using pre-set license
Built from '2021.3/staging' branch; Version is '2021.3.19f1 (c9714fde33b6) revision 13201743'; Using compiler version '192829333'; Build Type 'Release'
OS: 'Windows 11  (10.0.22624) 64bit Core' Language: 'en' Physical Memory: 65264 MB
BatchMode: 1, IsHumanControllingUs: 0, StartBugReporterOnCrash: 0, Is64bit: 1, IsPro: 1

COMMAND LINE ARGUMENTS:
D:\2021.3.19f1\Editor\Unity.exe
-adb2
-batchMode
-noUpm
-name
AssetImportWorker0
-projectPath
S:/Vault/EchoesOfThePlumGrove_VFX
-logFile
Logs/AssetImportWorker0.log
-srvPort
3209
Successfully changed project path to: S:/Vault/EchoesOfThePlumGrove_VFX
S:/Vault/EchoesOfThePlumGrove_VFX
[UnityMemory] Configuration Parameters - Can be set up in boot.config
    "memorysetup-bucket-allocator-granularity=16"
    "memorysetup-bucket-allocator-bucket-count=8"
    "memorysetup-bucket-allocator-block-size=33554432"
    "memorysetup-bucket-allocator-block-count=8"
    "memorysetup-main-allocator-block-size=16777216"
    "memorysetup-thread-allocator-block-size=16777216"
    "memorysetup-gfx-main-allocator-block-size=16777216"
    "memorysetup-gfx-thread-allocator-block-size=16777216"
    "memorysetup-cache-allocator-block-size=4194304"
    "memorysetup-typetree-allocator-block-size=2097152"
    "memorysetup-profiler-bucket-allocator-granularity=16"
    "memorysetup-profiler-bucket-allocator-bucket-count=8"
    "memorysetup-profiler-bucket-allocator-block-size=33554432"
    "memorysetup-profiler-bucket-allocator-block-count=8"
    "memorysetup-profiler-allocator-block-size=16777216"
    "memorysetup-profiler-editor-allocator-block-size=1048576"
    "memorysetup-temp-allocator-size-main=16777216"
    "memorysetup-job-temp-allocator-block-size=2097152"
    "memorysetup-job-temp-allocator-block-size-background=1048576"
    "memorysetup-job-temp-allocator-reduction-small-platforms=262144"
    "memorysetup-temp-allocator-size-background-worker=32768"
    "memorysetup-temp-allocator-size-job-worker=262144"
    "memorysetup-temp-allocator-size-preload-manager=33554432"
    "memorysetup-temp-allocator-size-nav-mesh-worker=65536"
    "memorysetup-temp-allocator-size-audio-worker=65536"
    "memorysetup-temp-allocator-size-cloud-worker=32768"
    "memorysetup-temp-allocator-size-gi-baking-worker=262144"
    "memorysetup-temp-allocator-size-gfx=262144"
Player connection [51960] Host "[IP] 192.168.1.4 [Port] 0 [Flags] 2 [Guid] 229754962 [EditorId] 229754962 [Version] 1048832 [Id] WindowsEditor(7,DESKTOP-VMA282N) [Debug] 1 [PackageName] WindowsEditor [ProjectName] Editor" joined multi-casting on [225.0.0.222:54997]...

Player connection [51960] Host "[IP] 192.168.1.4 [Port] 0 [Flags] 2 [Guid] 229754962 [EditorId] 229754962 [Version] 1048832 [Id] WindowsEditor(7,DESKTOP-VMA282N) [Debug] 1 [PackageName] WindowsEditor [ProjectName] Editor" joined alternative multi-casting on [225.0.0.222:34997]...

Refreshing native plugins compatible for Editor in 316.81 ms, found 3 plugins.
Preloading 0 native plugins for Editor in 0.00 ms.
Initialize engine version: 2021.3.19f1 (c9714fde33b6)
[Subsystems] Discovering subsystems at path D:/2021.3.19f1/Editor/Data/Resources/UnitySubsystems
[Subsystems] Discovering subsystems at path S:/Vault/EchoesOfThePlumGrove_VFX/Assets
GfxDevice: creating device client; threaded=0; jobified=0
Direct3D:
    Version:  Direct3D 11.0 [level 11.1]
    Renderer: NVIDIA GeForce RTX 2080 (ID=0x1e87)
    Vendor:   NVIDIA
    VRAM:     8002 MB
    Driver:   31.0.15.2686
Initialize mono
Mono path[0] = 'D:/2021.3.19f1/Editor/Data/Managed'
Mono path[1] = 'D:/2021.3.19f1/Editor/Data/MonoBleedingEdge/lib/mono/unityjit-win32'
Mono config path = 'D:/2021.3.19f1/Editor/Data/MonoBleedingEdge/etc'
Using monoOptions --debugger-agent=transport=dt_socket,embedding=1,server=y,suspend=n,address=127.0.0.1:56184
Begin MonoManager ReloadAssembly
Registering precompiled unity dll's ...
Register platform support module: D:/2021.3.19f1/Editor/Data/PlaybackEngines/AndroidPlayer/UnityEditor.Android.Extensions.dll
Register platform support module: D:/2021.3.19f1/Editor/Data/PlaybackEngines/WindowsStandaloneSupport/UnityEditor.WindowsStandalone.Extensions.dll
Register platform support module: D:/2021.3.19f1/Editor/Data/PlaybackEngines/MetroSupport/UnityEditor.UWP.Extensions.dll
Registered in 0.007926 seconds.
Native extension for UWP target not found
Native extension for WindowsStandalone target not found
Native extension for Android target not found
Android Extension - Scanning For ADB Devices 1053 ms
Refreshing native plugins compatible for Editor in 359.78 ms, found 3 plugins.
Preloading 0 native plugins for Editor in 0.00 ms.
Mono: successfully reloaded assembly
- Completed reload, in  3.791 seconds
Domain Reload Profiling:
	ReloadAssembly (3792ms)
		BeginReloadAssembly (344ms)
			ExecutionOrderSort (0ms)
			DisableScriptedObjects (0ms)
			BackupInstance (0ms)
			ReleaseScriptingObjects (0ms)
			CreateAndSetChildDomain (2ms)
		EndReloadAssembly (3073ms)
			LoadAssemblies (348ms)
			RebuildTransferFunctionScriptingTraits (0ms)
			SetupTypeCache (442ms)
			ReleaseScriptCaches (0ms)
			RebuildScriptCaches (114ms)
			SetupLoadedEditorAssemblies (2312ms)
				LogAssemblyErrors (0ms)
				InitializePlatformSupportModulesInManaged (1388ms)
				SetLoadedEditorAssemblies (2ms)
				RefreshPlugins (360ms)
				BeforeProcessingInitializeOnLoad (4ms)
				ProcessInitializeOnLoadAttributes (371ms)
				ProcessInitializeOnLoadMethodAttributes (186ms)
				AfterProcessingInitializeOnLoad (0ms)
				EditorAssembliesLoaded (0ms)
			ExecutionOrderSort2 (0ms)
			AwakeInstancesAfterBackupRestoration (0ms)
Platform modules already initialized, skipping
Registering precompiled user dll's ...
Registered in 0.014245 seconds.
Begin MonoManager ReloadAssembly
Symbol file LoadedFromMemory doesn't match image S:\Vault\EchoesOfThePlumGrove_VFX\Library\PackageCache\com.unity.visualscripting@1.8.0\Editor\VisualScripting.Core\Dependencies\YamlDotNet\Unity.VisualScripting.YamlDotNet.dll
Symbol file LoadedFromMemory doesn't match image S:\Vault\EchoesOfThePlumGrove_VFX\Library\PackageCache\com.unity.visualscripting@1.8.0\Editor\VisualScripting.Core\Dependencies\DotNetZip\Unity.VisualScripting.IonicZip.dll
Native extension for UWP target not found
Native extension for WindowsStandalone target not found
Native extension for Android target not found
Refreshing native plugins compatible for Editor in 324.03 ms, found 3 plugins.
Preloading 0 native plugins for Editor in 0.00 ms.
Mono: successfully reloaded assembly
- Completed reload, in  4.728 seconds
Domain Reload Profiling:
	ReloadAssembly (4730ms)
		BeginReloadAssembly (435ms)
			ExecutionOrderSort (0ms)
			DisableScriptedObjects (20ms)
			BackupInstance (0ms)
			ReleaseScriptingObjects (0ms)
			CreateAndSetChildDomain (63ms)
		EndReloadAssembly (3944ms)
			LoadAssemblies (355ms)
			RebuildTransferFunctionScriptingTraits (0ms)
			SetupTypeCache (904ms)
			ReleaseScriptCaches (2ms)
			RebuildScriptCaches (274ms)
			SetupLoadedEditorAssemblies (2295ms)
				LogAssemblyErrors (0ms)
				InitializePlatformSupportModulesInManaged (52ms)
				SetLoadedEditorAssemblies (1ms)
				RefreshPlugins (324ms)
				BeforeProcessingInitializeOnLoad (336ms)
				ProcessInitializeOnLoadAttributes (1356ms)
				ProcessInitializeOnLoadMethodAttributes (219ms)
				AfterProcessingInitializeOnLoad (6ms)
				EditorAssembliesLoaded (0ms)
			ExecutionOrderSort2 (0ms)
			AwakeInstancesAfterBackupRestoration (25ms)
Platform modules already initialized, skipping
========================================================================
Worker process is ready to serve import requests
Launched and connected shader compiler UnityShaderCompiler.exe after 0.13 seconds
Refreshing native plugins compatible for Editor in 2.11 ms, found 3 plugins.
Preloading 0 native plugins for Editor in 0.00 ms.
Unloading 5306 Unused Serialized files (Serialized files now loaded: 0)
Unloading 32 unused Assets / (1.5 MB). Loaded Objects now: 5765.
Memory consumption went from 214.0 MB to 212.5 MB.
Total: 12.041700 ms (FindLiveObjects: 0.999900 ms CreateObjectMapping: 1.126000 ms MarkObjects: 8.776900 ms  DeleteObjects: 1.135700 ms)

AssetImportParameters requested are different than current active one (requested -> active):
  custom:video-decoder-ogg-theora: a1e56fd34408186e4bbccfd4996cb3dc -> 
  custom:container-muxer-webm: aa71ff27fc2769a1b78a27578f13a17b -> 
  custom:container-demuxer-webm: 4f35f7cbe854078d1ac9338744f61a02 -> 
  custom:video-encoder-webm-vp8: eb34c28f22e8b96e1ab97ce403110664 -> 
  custom:video-codec-MediaFoundation-h265: 746d11721c4dcdbdad8f713fa42b33f4 -> 
  custom:audio-encoder-webm-vorbis: bf7c407c2cedff20999df2af8eb42d56 -> 
  custom:framework-win-MediaFoundation: 216162199b28c13a410421893ffa2e32 -> 
  custom:container-demuxer-ogg: 62fdf1f143b41e24485cea50d1cbac27 -> 
  custom:video-decoder-webm-vp8: 9c59270c3fd7afecdb556c50c9e8de78 -> 
  custom:audio-decoder-ogg-vorbis: bf7c407c2cedff20999df2af8eb42d56 -> 
========================================================================
Received Import Request.
  Time since last request: 384458.049334 seconds.
  path: Assets/Models/fish.dae
  artifactKey: Guid(aa487871196b5224e8e3b7ea981043f2) Importer(815301076,1909f56bfc062723c751e8b465ee728b)
Start importing Assets/Models/fish.dae using Guid(aa487871196b5224e8e3b7ea981043f2) Importer(815301076,1909f56bfc062723c751e8b465ee728b)  -> (artifact id: '5d7ddbdd7733ba58bb8375e27525c923') in 1.265737 seconds 
========================================================================
Received Import Request.
  Time since last request: 4.490532 seconds.
  path: Assets/Materials/Fish
  artifactKey: Guid(86526047b9a1a5c4a90b165b91ed431f) Importer(815301076,1909f56bfc062723c751e8b465ee728b)
Start importing Assets/Materials/Fish using Guid(86526047b9a1a5c4a90b165b91ed431f) Importer(815301076,1909f56bfc062723c751e8b465ee728b)  -> (artifact id: '7f4ff2c04b049d25a845af1965899850') in 0.012346 seconds 
========================================================================
Received Import Request.
  Time since last request: 61.094702 seconds.
  path: Assets/Models/fish.dae
  artifactKey: Guid(aa487871196b5224e8e3b7ea981043f2) Importer(815301076,1909f56bfc062723c751e8b465ee728b)
Start importing Assets/Models/fish.dae using Guid(aa487871196b5224e8e3b7ea981043f2) Importer(815301076,1909f56bfc062723c751e8b465ee728b)  -> (artifact id: '01570d3ce27092028034c2a63ed647c5') in 0.040343 seconds 
========================================================================
Received Import Request.
  Time since last request: 65.538701 seconds.
  path: Assets/Materials/Fish/SGraph_Fish.shadergraph
  artifactKey: Guid(74761789bd365ca4d950d737a3d59db2) Importer(815301076,1909f56bfc062723c751e8b465ee728b)
Start importing Assets/Materials/Fish/SGraph_Fish.shadergraph using Guid(74761789bd365ca4d950d737a3d59db2) Importer(815301076,1909f56bfc062723c751e8b465ee728b)  -> (artifact id: 'e5bb13b40b3541c14c18dc4057bf8b0d') in 0.023115 seconds 
========================================================================
Received Import Request.
  Time since last request: 23.479931 seconds.
  path: Assets/Materials/Fish/SGraph_Fish.shadergraph
  artifactKey: Guid(74761789bd365ca4d950d737a3d59db2) Importer(815301076,1909f56bfc062723c751e8b465ee728b)
Start importing Assets/Materials/Fish/SGraph_Fish.shadergraph using Guid(74761789bd365ca4d950d737a3d59db2) Importer(815301076,1909f56bfc062723c751e8b465ee728b)  -> (artifact id: '83de0c2103a63ab99f16b1559e8c30b9') in 0.010707 seconds 
========================================================================
Received Import Request.
  Time since last request: 50.341239 seconds.
  path: Assets/Models/fish.dae
  artifactKey: Guid(aa487871196b5224e8e3b7ea981043f2) Importer(815301076,1909f56bfc062723c751e8b465ee728b)
Start importing Assets/Models/fish.dae using Guid(aa487871196b5224e8e3b7ea981043f2) Importer(815301076,1909f56bfc062723c751e8b465ee728b)  -> (artifact id: 'b23f4db3ae585e1e5dfb84ff3d9aee12') in 1.650021 seconds 
========================================================================
Received Import Request.
  Time since last request: 292.150329 seconds.
  path: Assets/Materials/Fish/SGraph_Fish.shadergraph
  artifactKey: Guid(74761789bd365ca4d950d737a3d59db2) Importer(815301076,1909f56bfc062723c751e8b465ee728b)
Start importing Assets/Materials/Fish/SGraph_Fish.shadergraph using Guid(74761789bd365ca4d950d737a3d59db2) Importer(815301076,1909f56bfc062723c751e8b465ee728b)  -> (artifact id: '4d224a637a92abae3feeb85490adb43f') in 0.007555 seconds 
